<?xml version="1.0" encoding="UTF-8"?>
<!-- Generated by org.testng.reporters.JUnitXMLReporter -->
<testsuite hostname="Sumaiya" name="Demotest" tests="1" failures="1" timestamp="11 Jul 2019 18:20:41 GMT" time="1.309" errors="0">
  <testcase name="init" time="1.276" classname="tests.RegistrationPageTest">
    <failure type="java.lang.NullPointerException">
      <![CDATA[java.lang.NullPointerException
	at org.openqa.selenium.support.ui.Quotes.escape(Quotes.java:41)
	at org.openqa.selenium.support.ui.Select.selectByVisibleText(Select.java:115)
	at pages.RegistrationLink.registrationInfo(RegistrationLink.java:70)
	at tests.RegistrationPageTest.init(RegistrationPageTest.java:15)
... Removed 24 stack frames]]>
    </failure>
  </testcase> <!-- init -->
</testsuite> <!-- Demotest -->
